c:\users\ch122\documents\qtproject\myslice\mksdlp_slice_project\x64\debug\dlplog.obj
c:\users\ch122\documents\qtproject\myslice\mksdlp_slice_project\x64\debug\loadingbar.obj
c:\users\ch122\documents\qtproject\myslice\mksdlp_slice_project\x64\debug\m3dviewer.obj
c:\users\ch122\documents\qtproject\myslice\mksdlp_slice_project\x64\debug\mbutton.obj
c:\users\ch122\documents\qtproject\myslice\mksdlp_slice_project\x64\debug\mcanvas.obj
c:\users\ch122\documents\qtproject\myslice\mksdlp_slice_project\x64\debug\modeldata.obj
c:\users\ch122\documents\qtproject\myslice\mksdlp_slice_project\x64\debug\mprogressbar.obj
c:\users\ch122\documents\qtproject\myslice\mksdlp_slice_project\x64\debug\msupport.obj
c:\users\ch122\documents\qtproject\myslice\mksdlp_slice_project\x64\debug\nrightpanel.obj
c:\users\ch122\documents\qtproject\myslice\mksdlp_slice_project\x64\debug\previewdlg.obj
c:\users\ch122\documents\qtproject\myslice\mksdlp_slice_project\x64\debug\rightpanel.obj
c:\users\ch122\documents\qtproject\myslice\mksdlp_slice_project\x64\debug\supportthread.obj
c:\users\ch122\documents\qtproject\myslice\mksdlp_slice_project\x64\debug\qrc_icon.obj
c:\users\ch122\documents\qtproject\myslice\mksdlp_slice_project\x64\debug\moc_dlplog.obj
c:\users\ch122\documents\qtproject\myslice\mksdlp_slice_project\x64\debug\moc_iconlabel.obj
c:\users\ch122\documents\qtproject\myslice\mksdlp_slice_project\x64\debug\moc_m3dviewer.obj
c:\users\ch122\documents\qtproject\myslice\mksdlp_slice_project\x64\debug\moc_mbutton.obj
c:\users\ch122\documents\qtproject\myslice\mksdlp_slice_project\x64\debug\moc_mdialog.obj
c:\users\ch122\documents\qtproject\myslice\mksdlp_slice_project\x64\debug\moc_modelloader.obj
c:\users\ch122\documents\qtproject\myslice\mksdlp_slice_project\x64\debug\moc_msbar.obj
c:\users\ch122\documents\qtproject\myslice\mksdlp_slice_project\x64\debug\moc_nrightpanel.obj
c:\users\ch122\documents\qtproject\myslice\mksdlp_slice_project\x64\debug\moc_previewdlg.obj
c:\users\ch122\documents\qtproject\myslice\mksdlp_slice_project\x64\debug\moc_rightlabel.obj
c:\users\ch122\documents\qtproject\myslice\mksdlp_slice_project\x64\debug\moc_supportthread.obj
c:\users\ch122\documents\qtproject\myslice\mksdlp_slice_project\x64\debug\iconlabel.obj
c:\users\ch122\documents\qtproject\myslice\mksdlp_slice_project\x64\debug\main.obj
c:\users\ch122\documents\qtproject\myslice\mksdlp_slice_project\x64\debug\mainwindow.obj
c:\users\ch122\documents\qtproject\myslice\mksdlp_slice_project\x64\debug\mdialog.obj
c:\users\ch122\documents\qtproject\myslice\mksdlp_slice_project\x64\debug\modelloader.obj
c:\users\ch122\documents\qtproject\myslice\mksdlp_slice_project\x64\debug\msbar.obj
c:\users\ch122\documents\qtproject\myslice\mksdlp_slice_project\x64\debug\mtitlebar.obj
c:\users\ch122\documents\qtproject\myslice\mksdlp_slice_project\x64\debug\mtools.obj
c:\users\ch122\documents\qtproject\myslice\mksdlp_slice_project\x64\debug\numberedit.obj
c:\users\ch122\documents\qtproject\myslice\mksdlp_slice_project\x64\debug\outputdata.obj
c:\users\ch122\documents\qtproject\myslice\mksdlp_slice_project\x64\debug\rightlabel.obj
c:\users\ch122\documents\qtproject\myslice\mksdlp_slice_project\x64\debug\slice.obj
c:\users\ch122\documents\qtproject\myslice\mksdlp_slice_project\x64\debug\updatethread.obj
c:\users\ch122\documents\qtproject\myslice\mksdlp_slice_project\x64\debug\moc_loadingbar.obj
c:\users\ch122\documents\qtproject\myslice\mksdlp_slice_project\x64\debug\moc_mainwindow.obj
c:\users\ch122\documents\qtproject\myslice\mksdlp_slice_project\x64\debug\moc_mcanvas.obj
c:\users\ch122\documents\qtproject\myslice\mksdlp_slice_project\x64\debug\moc_modeldata.obj
c:\users\ch122\documents\qtproject\myslice\mksdlp_slice_project\x64\debug\moc_mprogressbar.obj
c:\users\ch122\documents\qtproject\myslice\mksdlp_slice_project\x64\debug\moc_mtitlebar.obj
c:\users\ch122\documents\qtproject\myslice\mksdlp_slice_project\x64\debug\moc_numberedit.obj
c:\users\ch122\documents\qtproject\myslice\mksdlp_slice_project\x64\debug\moc_quazipfile.obj
c:\users\ch122\documents\qtproject\myslice\mksdlp_slice_project\x64\debug\moc_rightpanel.obj
c:\users\ch122\documents\qtproject\myslice\mksdlp_slice_project\x64\debug\moc_updatethread.obj
c:\users\ch122\documents\qtproject\myslice\mksdlp_slice_project\x64\debug\moc_quagzipfile.obj
c:\users\ch122\documents\qtproject\myslice\mksdlp_slice_project\x64\debug\moc_quaziodevice.obj
c:\users\ch122\documents\qtproject\myslice\mksdlp_slice_project\x64\debug\vc140.pdb
c:\users\ch122\documents\qtproject\myslice\mksdlp_slice_project\debug\moc_predefs.h
c:\users\ch122\documents\qtproject\myslice\mksdlp_slice_project\ui_mainwindow.h
c:\users\ch122\documents\qtproject\myslice\mksdlp_slice_project\debug\qrc_icon.cpp
c:\users\ch122\documents\qtproject\myslice\mksdlp_slice_project\debug\moc_dlplog.cpp
c:\users\ch122\documents\qtproject\myslice\mksdlp_slice_project\debug\moc_iconlabel.cpp
c:\users\ch122\documents\qtproject\myslice\mksdlp_slice_project\debug\moc_loadingbar.cpp
c:\users\ch122\documents\qtproject\myslice\mksdlp_slice_project\debug\moc_m3dviewer.cpp
c:\users\ch122\documents\qtproject\myslice\mksdlp_slice_project\debug\moc_mainwindow.cpp
c:\users\ch122\documents\qtproject\myslice\mksdlp_slice_project\debug\moc_mbutton.cpp
c:\users\ch122\documents\qtproject\myslice\mksdlp_slice_project\debug\moc_mcanvas.cpp
c:\users\ch122\documents\qtproject\myslice\mksdlp_slice_project\debug\moc_mdialog.cpp
c:\users\ch122\documents\qtproject\myslice\mksdlp_slice_project\debug\moc_modeldata.cpp
c:\users\ch122\documents\qtproject\myslice\mksdlp_slice_project\debug\moc_modelloader.cpp
c:\users\ch122\documents\qtproject\myslice\mksdlp_slice_project\debug\moc_mprogressbar.cpp
c:\users\ch122\documents\qtproject\myslice\mksdlp_slice_project\debug\moc_msbar.cpp
c:\users\ch122\documents\qtproject\myslice\mksdlp_slice_project\debug\moc_mtitlebar.cpp
c:\users\ch122\documents\qtproject\myslice\mksdlp_slice_project\debug\moc_nrightpanel.cpp
c:\users\ch122\documents\qtproject\myslice\mksdlp_slice_project\debug\moc_numberedit.cpp
c:\users\ch122\documents\qtproject\myslice\mksdlp_slice_project\debug\moc_previewdlg.cpp
c:\users\ch122\documents\qtproject\myslice\mksdlp_slice_project\debug\moc_quagzipfile.cpp
c:\users\ch122\documents\qtproject\myslice\mksdlp_slice_project\debug\moc_quaziodevice.cpp
c:\users\ch122\documents\qtproject\myslice\mksdlp_slice_project\debug\moc_quazipfile.cpp
c:\users\ch122\documents\qtproject\myslice\mksdlp_slice_project\debug\moc_rightlabel.cpp
c:\users\ch122\documents\qtproject\myslice\mksdlp_slice_project\debug\moc_rightpanel.cpp
c:\users\ch122\documents\qtproject\myslice\mksdlp_slice_project\debug\moc_supportthread.cpp
c:\users\ch122\documents\qtproject\myslice\mksdlp_slice_project\debug\moc_updatethread.cpp
c:\users\ch122\documents\qtproject\myslice\mksdlp_slice_project\x64\debug\mksdlp.tlog\cl.command.1.tlog
c:\users\ch122\documents\qtproject\myslice\mksdlp_slice_project\x64\debug\mksdlp.tlog\cl.read.1.tlog
c:\users\ch122\documents\qtproject\myslice\mksdlp_slice_project\x64\debug\mksdlp.tlog\cl.write.1.tlog
c:\users\ch122\documents\qtproject\myslice\mksdlp_slice_project\x64\debug\mksdlp.tlog\custombuild.command.1.tlog
c:\users\ch122\documents\qtproject\myslice\mksdlp_slice_project\x64\debug\mksdlp.tlog\custombuild.read.1.tlog
c:\users\ch122\documents\qtproject\myslice\mksdlp_slice_project\x64\debug\mksdlp.tlog\custombuild.write.1.tlog
c:\users\ch122\documents\qtproject\myslice\mksdlp_slice_project\x64\debug\mksdlp.tlog\link-cvtres.read.1.tlog
c:\users\ch122\documents\qtproject\myslice\mksdlp_slice_project\x64\debug\mksdlp.tlog\link-cvtres.write.1.tlog
c:\users\ch122\documents\qtproject\myslice\mksdlp_slice_project\x64\debug\mksdlp.tlog\link-rc.read.1.tlog
c:\users\ch122\documents\qtproject\myslice\mksdlp_slice_project\x64\debug\mksdlp.tlog\link-rc.write.1.tlog
c:\users\ch122\documents\qtproject\myslice\mksdlp_slice_project\x64\debug\mksdlp.tlog\link.command.1.tlog
c:\users\ch122\documents\qtproject\myslice\mksdlp_slice_project\x64\debug\mksdlp.tlog\link.read.1.tlog
c:\users\ch122\documents\qtproject\myslice\mksdlp_slice_project\x64\debug\mksdlp.tlog\link.write.1.tlog
c:\users\ch122\documents\qtproject\myslice\mksdlp_slice_project\x64\debug\mksdlp.tlog\mksdlp.write.1u.tlog
c:\users\ch122\documents\qtproject\myslice\mksdlp_slice_project\x64\debug\mksdlp.tlog\moc.read.1u.tlog
c:\users\ch122\documents\qtproject\myslice\mksdlp_slice_project\x64\debug\mksdlp.tlog\moc.write.1u.tlog
c:\users\ch122\documents\qtproject\myslice\mksdlp_slice_project\x64\debug\mksdlp.tlog\rcc.read.1u.tlog
c:\users\ch122\documents\qtproject\myslice\mksdlp_slice_project\x64\debug\mksdlp.tlog\rcc.write.1u.tlog
c:\users\ch122\documents\qtproject\myslice\mksdlp_slice_project\x64\debug\mksdlp.tlog\uic.read.1u.tlog
c:\users\ch122\documents\qtproject\myslice\mksdlp_slice_project\x64\debug\mksdlp.tlog\uic.write.1u.tlog
